[0.851s] Invoking command in '/home/prem/ros2_gyro/build/phone_imu': DEBUGINFOD_URLS=https://debuginfod.ubuntu.com PYTHONPATH=/home/prem/ros2_gyro/build/phone_imu/prefix_override:/usr/lib/python3/dist-packages/colcon_core/task/python/colcon_distutils_commands:/home/prem/ros2_gyro/install/phone_imu/lib/python3.12/site-packages:${PYTHONPATH} /usr/bin/python3 -W ignore:setup.py install is deprecated -W ignore:easy_install command is deprecated setup.py develop --editable --build-directory /home/prem/ros2_gyro/build/phone_imu/build --no-deps symlink_data
[1.070s] running develop
[1.204s] running egg_info
[1.204s] creating phone_imu.egg-info
[1.218s] writing phone_imu.egg-info/PKG-INFO
[1.218s] writing dependency_links to phone_imu.egg-info/dependency_links.txt
[1.218s] writing entry points to phone_imu.egg-info/entry_points.txt
[1.219s] writing requirements to phone_imu.egg-info/requires.txt
[1.219s] writing top-level names to phone_imu.egg-info/top_level.txt
[1.219s] writing manifest file 'phone_imu.egg-info/SOURCES.txt'
[1.244s] reading manifest file 'phone_imu.egg-info/SOURCES.txt'
[1.245s] writing manifest file 'phone_imu.egg-info/SOURCES.txt'
[1.258s] running build_ext
[1.260s] Creating /home/prem/ros2_gyro/install/phone_imu/lib/python3.12/site-packages/phone-imu.egg-link (link to .)
[1.260s] Installing imu_filter_node script to /home/prem/ros2_gyro/install/phone_imu/lib/phone_imu
[1.260s] Installing phone_imu_node script to /home/prem/ros2_gyro/install/phone_imu/lib/phone_imu
[1.260s] 
[1.261s] Installed /home/prem/ros2_gyro/build/phone_imu
[1.261s] running symlink_data
[1.261s] creating /home/prem/ros2_gyro/install/phone_imu/share/ament_index
[1.261s] creating /home/prem/ros2_gyro/install/phone_imu/share/ament_index/resource_index
[1.261s] creating /home/prem/ros2_gyro/install/phone_imu/share/ament_index/resource_index/packages
[1.261s] symbolically linking /home/prem/ros2_gyro/build/phone_imu/resource/phone_imu -> /home/prem/ros2_gyro/install/phone_imu/share/ament_index/resource_index/packages
[1.261s] symbolically linking /home/prem/ros2_gyro/build/phone_imu/package.xml -> /home/prem/ros2_gyro/install/phone_imu/share/phone_imu
[1.261s] creating /home/prem/ros2_gyro/install/phone_imu/share/phone_imu/launch
[1.261s] symbolically linking /home/prem/ros2_gyro/build/phone_imu/launch/phone_imu_launch.py -> /home/prem/ros2_gyro/install/phone_imu/share/phone_imu/launch
[1.262s] creating /home/prem/ros2_gyro/install/phone_imu/share/phone_imu/config
[1.262s] symbolically linking /home/prem/ros2_gyro/build/phone_imu/config/imu_rviz.rviz -> /home/prem/ros2_gyro/install/phone_imu/share/phone_imu/config
[1.262s] creating /home/prem/ros2_gyro/install/phone_imu/share/phone_imu/urdf
[1.262s] symbolically linking /home/prem/ros2_gyro/build/phone_imu/urdf/phone.urdf -> /home/prem/ros2_gyro/install/phone_imu/share/phone_imu/urdf
[1.281s] Invoked command in '/home/prem/ros2_gyro/build/phone_imu' returned '0': DEBUGINFOD_URLS=https://debuginfod.ubuntu.com PYTHONPATH=/home/prem/ros2_gyro/build/phone_imu/prefix_override:/usr/lib/python3/dist-packages/colcon_core/task/python/colcon_distutils_commands:/home/prem/ros2_gyro/install/phone_imu/lib/python3.12/site-packages:${PYTHONPATH} /usr/bin/python3 -W ignore:setup.py install is deprecated -W ignore:easy_install command is deprecated setup.py develop --editable --build-directory /home/prem/ros2_gyro/build/phone_imu/build --no-deps symlink_data
