[0.583s] Invoking command in '/home/prem/ros2_gyro/build/phone_imu': DEBUGINFOD_URLS=https://debuginfod.ubuntu.com PYTHONPATH=/home/prem/ros2_gyro/build/phone_imu/prefix_override:/usr/lib/python3/dist-packages/colcon_core/task/python/colcon_distutils_commands:/home/prem/ros2_gyro/install/phone_imu/lib/python3.12/site-packages:${PYTHONPATH} /usr/bin/python3 -W ignore:setup.py install is deprecated -W ignore:easy_install command is deprecated setup.py develop --editable --build-directory /home/prem/ros2_gyro/build/phone_imu/build --no-deps symlink_data --force
[0.813s] running develop
[0.951s] running egg_info
[0.965s] writing phone_imu.egg-info/PKG-INFO
[0.965s] writing dependency_links to phone_imu.egg-info/dependency_links.txt
[0.966s] writing entry points to phone_imu.egg-info/entry_points.txt
[0.966s] writing requirements to phone_imu.egg-info/requires.txt
[0.966s] writing top-level names to phone_imu.egg-info/top_level.txt
[0.992s] reading manifest file 'phone_imu.egg-info/SOURCES.txt'
[0.992s] writing manifest file 'phone_imu.egg-info/SOURCES.txt'
[1.007s] running build_ext
[1.007s] Creating /home/prem/ros2_gyro/install/phone_imu/lib/python3.12/site-packages/phone-imu.egg-link (link to .)
[1.007s] Installing imu_filter_node script to /home/prem/ros2_gyro/install/phone_imu/lib/phone_imu
[1.007s] Installing phone_imu_node script to /home/prem/ros2_gyro/install/phone_imu/lib/phone_imu
[1.007s] 
[1.008s] Installed /home/prem/ros2_gyro/build/phone_imu
[1.008s] running symlink_data
[1.008s] symbolically linking /home/prem/ros2_gyro/build/phone_imu/resource/phone_imu -> /home/prem/ros2_gyro/install/phone_imu/share/ament_index/resource_index/packages
[1.008s] symbolically linking /home/prem/ros2_gyro/build/phone_imu/package.xml -> /home/prem/ros2_gyro/install/phone_imu/share/phone_imu
[1.008s] symbolically linking /home/prem/ros2_gyro/build/phone_imu/launch/phone_imu_launch.py -> /home/prem/ros2_gyro/install/phone_imu/share/phone_imu/launch
[1.008s] symbolically linking /home/prem/ros2_gyro/build/phone_imu/config/imu_rviz.rviz -> /home/prem/ros2_gyro/install/phone_imu/share/phone_imu/config
[1.008s] symbolically linking /home/prem/ros2_gyro/build/phone_imu/urdf/phone.urdf -> /home/prem/ros2_gyro/install/phone_imu/share/phone_imu/urdf
[1.030s] Invoked command in '/home/prem/ros2_gyro/build/phone_imu' returned '0': DEBUGINFOD_URLS=https://debuginfod.ubuntu.com PYTHONPATH=/home/prem/ros2_gyro/build/phone_imu/prefix_override:/usr/lib/python3/dist-packages/colcon_core/task/python/colcon_distutils_commands:/home/prem/ros2_gyro/install/phone_imu/lib/python3.12/site-packages:${PYTHONPATH} /usr/bin/python3 -W ignore:setup.py install is deprecated -W ignore:easy_install command is deprecated setup.py develop --editable --build-directory /home/prem/ros2_gyro/build/phone_imu/build --no-deps symlink_data --force
